<html>
<head>
<title>TestNG:  Rest API regression Test</title>
<link href="../testng.css" rel="stylesheet" type="text/css" />
<link href="../my-testng.css" rel="stylesheet" type="text/css" />

<style type="text/css">
.log { display: none;} 
.stack-trace { display: none;} 
</style>
<script type="text/javascript">
<!--
function flip(e) {
  current = e.style.display;
  if (current == 'block') {
    e.style.display = 'none';
    return 0;
  }
  else {
    e.style.display = 'block';
    return 1;
  }
}

function toggleBox(szDivId, elem, msg1, msg2)
{
  var res = -1;  if (document.getElementById) {
    res = flip(document.getElementById(szDivId));
  }
  else if (document.all) {
    // this is the way old msie versions work
    res = flip(document.all[szDivId]);
  }
  if(elem) {
    if(res == 0) elem.innerHTML = msg1; else elem.innerHTML = msg2;
  }

}

function toggleAllBoxes() {
  if (document.getElementsByTagName) {
    d = document.getElementsByTagName('div');
    for (i = 0; i < d.length; i++) {
      if (d[i].className == 'log') {
        flip(d[i]);
      }
    }
  }
}

// -->
</script>

</head>
<body>
<h2 align='center'>Rest API regression Test</h2><table border='1' align="center">
<tr>
<td>Tests passed/Failed/Skipped:</td><td>4/4/0</td>
</tr><tr>
<td>Started on:</td><td>Thu Aug 25 12:05:08 CDT 2022</td>
</tr>
<tr><td>Total time:</td><td>23 seconds (23438 ms)</td>
</tr><tr>
<td>Included groups:</td><td></td>
</tr><tr>
<td>Excluded groups:</td><td></td>
</tr>
</table><p/>
<small><i>(Hover the method name to see the test class name)</i></small><p/>
<table width='100%' border='1' class='invocation-failed'>
<tr><td colspan='4' align='center'><b>FAILED TESTS</b></td></tr>
<tr><td><b>Test method</b></td>
<td width="30%"><b>Exception</b></td>
<td width="10%"><b>Time (seconds)</b></td>
<td><b>Instance</b></td>
</tr>
<tr>
<td title='com.qa.api.gorest.tests.CreateUserTest.createUserApiPostTest()'><b>createUserApiPostTest</b><br>Test class: com.qa.api.gorest.tests.CreateUserTest<br>Parameters: Samhi, female, active, samhi@abc.com</td>
<td><div><pre>java.lang.ClassCastException: java.util.ArrayList cannot be cast to java.lang.Integer
	at com.qa.api.gorest.tests.CreateUserTest.createUserApiPostTest(CreateUserTest.java:47)
	at java.util.concurrent.ThreadPoolExecutor.runWorker(Unknown Source)
	at java.util.concurrent.ThreadPoolExecutor$Worker.run(Unknown Source)
	at java.lang.Thread.run(Unknown Source)
... Removed 10 stack frames</pre></div><a href='#' onClick='toggleBox("stack-trace1769681656", this, "Click to show all stack frames", "Click to hide stack frames")'>Click to show all stack frames</a>
<div class='stack-trace' id='stack-trace1769681656'><pre>java.lang.ClassCastException: java.util.ArrayList cannot be cast to java.lang.Integer
	at com.qa.api.gorest.tests.CreateUserTest.createUserApiPostTest(CreateUserTest.java:47)
	at sun.reflect.NativeMethodAccessorImpl.invoke0(Native Method)
	at sun.reflect.NativeMethodAccessorImpl.invoke(Unknown Source)
	at sun.reflect.DelegatingMethodAccessorImpl.invoke(Unknown Source)
	at java.lang.reflect.Method.invoke(Unknown Source)
	at org.testng.internal.MethodInvocationHelper.invokeMethod(MethodInvocationHelper.java:124)
	at org.testng.internal.Invoker.invokeMethod(Invoker.java:583)
	at org.testng.internal.Invoker.invokeTestMethod(Invoker.java:719)
	at org.testng.internal.Invoker.invokeTestMethods(Invoker.java:989)
	at org.testng.internal.TestMethodWorker.invokeTestMethods(TestMethodWorker.java:125)
	at org.testng.internal.TestMethodWorker.run(TestMethodWorker.java:109)
	at java.util.concurrent.ThreadPoolExecutor.runWorker(Unknown Source)
	at java.util.concurrent.ThreadPoolExecutor$Worker.run(Unknown Source)
	at java.lang.Thread.run(Unknown Source)
</pre></div></td>
<td>13</td>
<td>com.qa.api.gorest.tests.CreateUserTest@66c83fc8</td></tr>
<tr>
<td title='com.qa.api.gorest.tests.CreateUserTest.createUserApiPostTest()'><b>createUserApiPostTest</b><br>Test class: com.qa.api.gorest.tests.CreateUserTest<br>Parameters: Mahika, female, active, mahika@abc.com</td>
<td><div><pre>java.lang.ClassCastException: java.util.ArrayList cannot be cast to java.lang.Integer
	at com.qa.api.gorest.tests.CreateUserTest.createUserApiPostTest(CreateUserTest.java:47)
	at java.util.concurrent.ThreadPoolExecutor.runWorker(Unknown Source)
	at java.util.concurrent.ThreadPoolExecutor$Worker.run(Unknown Source)
	at java.lang.Thread.run(Unknown Source)
... Removed 10 stack frames</pre></div><a href='#' onClick='toggleBox("stack-trace34695257", this, "Click to show all stack frames", "Click to hide stack frames")'>Click to show all stack frames</a>
<div class='stack-trace' id='stack-trace34695257'><pre>java.lang.ClassCastException: java.util.ArrayList cannot be cast to java.lang.Integer
	at com.qa.api.gorest.tests.CreateUserTest.createUserApiPostTest(CreateUserTest.java:47)
	at sun.reflect.NativeMethodAccessorImpl.invoke0(Native Method)
	at sun.reflect.NativeMethodAccessorImpl.invoke(Unknown Source)
	at sun.reflect.DelegatingMethodAccessorImpl.invoke(Unknown Source)
	at java.lang.reflect.Method.invoke(Unknown Source)
	at org.testng.internal.MethodInvocationHelper.invokeMethod(MethodInvocationHelper.java:124)
	at org.testng.internal.Invoker.invokeMethod(Invoker.java:583)
	at org.testng.internal.Invoker.invokeTestMethod(Invoker.java:719)
	at org.testng.internal.Invoker.invokeTestMethods(Invoker.java:989)
	at org.testng.internal.TestMethodWorker.invokeTestMethods(TestMethodWorker.java:125)
	at org.testng.internal.TestMethodWorker.run(TestMethodWorker.java:109)
	at java.util.concurrent.ThreadPoolExecutor.runWorker(Unknown Source)
	at java.util.concurrent.ThreadPoolExecutor$Worker.run(Unknown Source)
	at java.lang.Thread.run(Unknown Source)
</pre></div></td>
<td>1</td>
<td>com.qa.api.gorest.tests.CreateUserTest@66c83fc8</td></tr>
<tr>
<td title='com.qa.api.gorest.tests.CreateUserTest.createUserApiPostTest()'><b>createUserApiPostTest</b><br>Test class: com.qa.api.gorest.tests.CreateUserTest<br>Parameters: Karthika, female, active, Karthika@abc.com</td>
<td><div><pre>java.lang.ClassCastException: java.util.ArrayList cannot be cast to java.lang.Integer
	at com.qa.api.gorest.tests.CreateUserTest.createUserApiPostTest(CreateUserTest.java:47)
	at java.util.concurrent.ThreadPoolExecutor.runWorker(Unknown Source)
	at java.util.concurrent.ThreadPoolExecutor$Worker.run(Unknown Source)
	at java.lang.Thread.run(Unknown Source)
... Removed 10 stack frames</pre></div><a href='#' onClick='toggleBox("stack-trace208749437", this, "Click to show all stack frames", "Click to hide stack frames")'>Click to show all stack frames</a>
<div class='stack-trace' id='stack-trace208749437'><pre>java.lang.ClassCastException: java.util.ArrayList cannot be cast to java.lang.Integer
	at com.qa.api.gorest.tests.CreateUserTest.createUserApiPostTest(CreateUserTest.java:47)
	at sun.reflect.NativeMethodAccessorImpl.invoke0(Native Method)
	at sun.reflect.NativeMethodAccessorImpl.invoke(Unknown Source)
	at sun.reflect.DelegatingMethodAccessorImpl.invoke(Unknown Source)
	at java.lang.reflect.Method.invoke(Unknown Source)
	at org.testng.internal.MethodInvocationHelper.invokeMethod(MethodInvocationHelper.java:124)
	at org.testng.internal.Invoker.invokeMethod(Invoker.java:583)
	at org.testng.internal.Invoker.invokeTestMethod(Invoker.java:719)
	at org.testng.internal.Invoker.invokeTestMethods(Invoker.java:989)
	at org.testng.internal.TestMethodWorker.invokeTestMethods(TestMethodWorker.java:125)
	at org.testng.internal.TestMethodWorker.run(TestMethodWorker.java:109)
	at java.util.concurrent.ThreadPoolExecutor.runWorker(Unknown Source)
	at java.util.concurrent.ThreadPoolExecutor$Worker.run(Unknown Source)
	at java.lang.Thread.run(Unknown Source)
</pre></div></td>
<td>1</td>
<td>com.qa.api.gorest.tests.CreateUserTest@66c83fc8</td></tr>
<tr>
<td title='com.qa.api.gorest.tests.CreateUserTest.createUserApiPostTest()'><b>createUserApiPostTest</b><br>Test class: com.qa.api.gorest.tests.CreateUserTest<br>Parameters: Mahendra, male, inactive, mahendra@abc.com</td>
<td><div><pre>java.lang.ClassCastException: java.util.ArrayList cannot be cast to java.lang.Integer
	at com.qa.api.gorest.tests.CreateUserTest.createUserApiPostTest(CreateUserTest.java:47)
	at java.util.concurrent.ThreadPoolExecutor.runWorker(Unknown Source)
	at java.util.concurrent.ThreadPoolExecutor$Worker.run(Unknown Source)
	at java.lang.Thread.run(Unknown Source)
... Removed 10 stack frames</pre></div><a href='#' onClick='toggleBox("stack-trace1317664062", this, "Click to show all stack frames", "Click to hide stack frames")'>Click to show all stack frames</a>
<div class='stack-trace' id='stack-trace1317664062'><pre>java.lang.ClassCastException: java.util.ArrayList cannot be cast to java.lang.Integer
	at com.qa.api.gorest.tests.CreateUserTest.createUserApiPostTest(CreateUserTest.java:47)
	at sun.reflect.NativeMethodAccessorImpl.invoke0(Native Method)
	at sun.reflect.NativeMethodAccessorImpl.invoke(Unknown Source)
	at sun.reflect.DelegatingMethodAccessorImpl.invoke(Unknown Source)
	at java.lang.reflect.Method.invoke(Unknown Source)
	at org.testng.internal.MethodInvocationHelper.invokeMethod(MethodInvocationHelper.java:124)
	at org.testng.internal.Invoker.invokeMethod(Invoker.java:583)
	at org.testng.internal.Invoker.invokeTestMethod(Invoker.java:719)
	at org.testng.internal.Invoker.invokeTestMethods(Invoker.java:989)
	at org.testng.internal.TestMethodWorker.invokeTestMethods(TestMethodWorker.java:125)
	at org.testng.internal.TestMethodWorker.run(TestMethodWorker.java:109)
	at java.util.concurrent.ThreadPoolExecutor.runWorker(Unknown Source)
	at java.util.concurrent.ThreadPoolExecutor$Worker.run(Unknown Source)
	at java.lang.Thread.run(Unknown Source)
</pre></div></td>
<td>1</td>
<td>com.qa.api.gorest.tests.CreateUserTest@66c83fc8</td></tr>
</table><p>
<table width='100%' border='1' class='invocation-passed'>
<tr><td colspan='4' align='center'><b>PASSED TESTS</b></td></tr>
<tr><td><b>Test method</b></td>
<td width="30%"><b>Exception</b></td>
<td width="10%"><b>Time (seconds)</b></td>
<td><b>Instance</b></td>
</tr>
<tr>
<td title='com.qa.api.gorest.tests.ImgurTokenGenerationAPITest.getAccountBlockStatusTest()'><b>getAccountBlockStatusTest</b><br>Test class: com.qa.api.gorest.tests.ImgurTokenGenerationAPITest</td>
<td></td>
<td>3</td>
<td>com.qa.api.gorest.tests.ImgurTokenGenerationAPITest@621f89b8</td></tr>
<tr>
<td title='com.qa.api.gorest.tests.ImgurTokenGenerationAPITest.getAccountImagesTest()'><b>getAccountImagesTest</b><br>Test class: com.qa.api.gorest.tests.ImgurTokenGenerationAPITest</td>
<td></td>
<td>0</td>
<td>com.qa.api.gorest.tests.ImgurTokenGenerationAPITest@621f89b8</td></tr>
<tr>
<td title='com.qa.api.gorest.tests.GetUserTest.getAllUsersListApiTest()'><b>getAllUsersListApiTest</b><br>Test class: com.qa.api.gorest.tests.GetUserTest</td>
<td></td>
<td>18</td>
<td>com.qa.api.gorest.tests.GetUserTest@546621c4</td></tr>
<tr>
<td title='com.qa.api.gorest.tests.GetUserTest.getUsersListWithParamApiTest()'><b>getUsersListWithParamApiTest</b><br>Test class: com.qa.api.gorest.tests.GetUserTest</td>
<td></td>
<td>1</td>
<td>com.qa.api.gorest.tests.GetUserTest@546621c4</td></tr>
</table><p>
</body>
</html>